TN:
SF:src\services\FetchWeatherDataService.ts
FN:17,execute
FNF:1
FNH:1
FNDA:4,execute
DA:1,1
DA:2,1
DA:3,1
DA:4,1
DA:5,1
DA:6,1
DA:7,1
DA:8,1
DA:9,1
DA:10,1
DA:11,1
DA:12,1
DA:13,1
DA:14,1
DA:15,1
DA:16,1
DA:17,1
DA:18,4
DA:19,4
DA:20,4
DA:21,4
DA:22,4
DA:23,4
DA:24,3
DA:25,3
DA:26,3
DA:27,3
DA:28,3
DA:29,3
DA:30,4
DA:31,1
DA:32,1
DA:33,3
DA:34,4
DA:35,1
DA:36,4
DA:37,1
DA:38,1
DA:39,3
DA:40,3
DA:41,4
DA:42,4
DA:43,4
DA:44,4
DA:45,4
DA:46,1
DA:47,1
DA:48,4
DA:49,1
LF:49
LH:49
BRDA:17,0,0,4
BRDA:19,1,0,3
BRDA:19,2,0,1
BRDA:24,3,0,3
BRDA:30,4,0,1
BRDA:33,5,0,3
BRDA:34,6,0,1
BRDA:36,7,0,2
BRDA:36,8,0,1
BRDA:39,9,0,3
BRDA:41,10,0,2
BRDA:42,11,0,1
BRDA:45,12,0,1
BRF:13
BRH:13
end_of_record
